<?xml version="1.0" encoding="UTF-8"?>
<!-- Generated by org.testng.reporters.JUnitReportReporter -->
<testsuite skipped="0" hostname="Inspiron-13" name="com.syntel.SampleTest" tests="1" failures="0" timestamp="10 Aug 2018 05:21:01 GMT" time="0.013" errors="0">
  <testcase name="test1" time="0.013" classname="com.syntel.SampleTest"/>
</testsuite> <!-- com.syntel.SampleTest -->
