<?xml version="1.0" encoding="UTF-8"?>
<!-- Generated by org.testng.reporters.JUnitReportReporter -->
<testsuite skipped="0" hostname="Inspiron-13" name="com.syntel.SeleniumTest" tests="1" failures="0" timestamp="10 Aug 2018 06:39:40 GMT" time="12.010" errors="0">
  <testcase name="test1" time="12.010" classname="com.syntel.SeleniumTest"/>
</testsuite> <!-- com.syntel.SeleniumTest -->
